<?xml version="1.0" encoding="UTF-8"?>
<!-- Generated by org.testng.reporters.JUnitReportReporter -->
<testsuite hostname="P3ALAP-G01FU1K" name="fb.mpos.testcases.TC13" tests="1" failures="0" timestamp="3 Jul 2019 10:42:51 GMT" time="32.271" errors="0">
  <testcase name="tc13" time="32.271" classname="fb.mpos.testcases.TC13"/>
</testsuite> <!-- fb.mpos.testcases.TC13 -->
