<?xml version="1.0" encoding="UTF-8"?>
<!-- Generated by org.testng.reporters.JUnitReportReporter -->
<testsuite hostname="P3ALAP-G01FU1K" name="fb.mpos.testcases.TC687" tests="1" failures="0" timestamp="16 Jul 2019 10:17:08 GMT" time="62.126" errors="0">
  <testcase name="tc687" time="62.126" classname="fb.mpos.testcases.TC687"/>
</testsuite> <!-- fb.mpos.testcases.TC687 -->
