<?xml version="1.0" encoding="UTF-8"?>
<!-- Generated by org.testng.reporters.JUnitReportReporter -->
<testsuite hostname="P3ALAP-G01FU1K" name="fb.mpos.testcases.TC497" tests="1" failures="0" timestamp="16 Jul 2019 10:17:08 GMT" time="34.790" errors="0">
  <testcase name="tc497" time="34.790" classname="fb.mpos.testcases.TC497"/>
</testsuite> <!-- fb.mpos.testcases.TC497 -->
