<?xml version="1.0" encoding="UTF-8"?>
<!-- Generated by org.testng.reporters.JUnitReportReporter -->
<testsuite hostname="P3ALAP-G01FU1K" name="fb.mpos.testcases.Login" tests="1" failures="0" timestamp="26 Jun 2019 07:12:38 GMT" time="29.434" errors="0">
  <testcase name="login" time="29.434" classname="fb.mpos.testcases.Login"/>
</testsuite> <!-- fb.mpos.testcases.Login -->
