<?xml version="1.0" encoding="UTF-8"?>
<!-- Generated by org.testng.reporters.JUnitReportReporter -->
<testsuite hostname="P3ALAP-G01FU1K" name="fb.mpos.scripts.Login" tests="1" failures="0" timestamp="25 Jun 2019 07:43:31 GMT" time="43.100" errors="0">
  <testcase name="login" time="43.100" classname="fb.mpos.scripts.Login"/>
</testsuite> <!-- fb.mpos.scripts.Login -->
