<?xml version="1.0" encoding="UTF-8"?>
<!-- Generated by org.testng.reporters.JUnitReportReporter -->
<testsuite hostname="P3ALAP-G01FU1K" name="fb.mpos.testcases.TC500" tests="1" failures="0" timestamp="16 Jul 2019 05:30:56 GMT" time="66.340" errors="0">
  <testcase name="tc500" time="66.340" classname="fb.mpos.testcases.TC500"/>
</testsuite> <!-- fb.mpos.testcases.TC500 -->
