<?xml version="1.0" encoding="UTF-8"?>
<!-- Generated by org.testng.reporters.JUnitReportReporter -->
<testsuite hostname="P3ALAP-G01FU1K" name="fb.mpos.testcases.TC703" tests="1" failures="0" timestamp="16 Jul 2019 10:17:08 GMT" time="34.559" errors="0">
  <testcase name="tc703" time="34.559" classname="fb.mpos.testcases.TC703"/>
</testsuite> <!-- fb.mpos.testcases.TC703 -->
