<?xml version="1.0" encoding="UTF-8"?>
<!-- Generated by org.testng.reporters.JUnitReportReporter -->
<testsuite hostname="P3ALAP-G01FU1K" name="fb.mpos.testcases.TC219" tests="1" failures="0" timestamp="16 Jul 2019 10:17:08 GMT" time="32.963" errors="0">
  <testcase name="tc219" time="32.963" classname="fb.mpos.testcases.TC219"/>
</testsuite> <!-- fb.mpos.testcases.TC219 -->
