<?xml version="1.0" encoding="UTF-8"?>
<!-- Generated by org.testng.reporters.JUnitReportReporter -->
<testsuite hostname="P3ALAP-G01FU1K" name="fb.mpos.testcases.Logout" tests="1" failures="0" timestamp="26 Jun 2019 06:44:22 GMT" time="20.583" errors="0">
  <testcase name="logout" time="20.583" classname="fb.mpos.testcases.Logout"/>
</testsuite> <!-- fb.mpos.testcases.Logout -->
