<?xml version="1.0" encoding="UTF-8"?>
<!-- Generated by org.testng.reporters.JUnitReportReporter -->
<testsuite hostname="P3ALAP-G01FU1K" name="fb.mpos.testcases.TC933" tests="1" failures="0" timestamp="16 Jul 2019 09:29:35 GMT" time="39.944" errors="0">
  <testcase name="tc933" time="39.944" classname="fb.mpos.testcases.TC933"/>
</testsuite> <!-- fb.mpos.testcases.TC933 -->
