<?xml version="1.0" encoding="UTF-8"?>
<!-- Generated by org.testng.reporters.JUnitReportReporter -->
<testsuite hostname="P3ALAP-G01FU1K" name="fb.mpos.testcases.TC691" tests="1" failures="0" timestamp="16 Jul 2019 10:17:08 GMT" time="81.906" errors="0">
  <testcase name="tc691" time="81.906" classname="fb.mpos.testcases.TC691"/>
</testsuite> <!-- fb.mpos.testcases.TC691 -->
